<?xml version="1.0" encoding="UTF-8"?>
<testsuite xmlns:xsi="http://www.w3.org/2001/XMLSchema-instance" xsi:noNamespaceSchemaLocation="https://maven.apache.org/surefire/maven-surefire-plugin/xsd/surefire-test-report.xsd" name="Scenario: Verify invalid login from messenger page" time="38.871" tests="24" errors="0" skipped="0" failures="0">
  <properties>
[...]
</properties>
  <testcase name="Given I am on home page" classname="| seyma@sample.com | test123 |" time="0.029"/>
  <testcase name="When I enter seyma@sample.com into username text fields on home screen" classname="| seyma@sample.com | test123 |" time="0"/>
  <testcase name="And I enter test123 into password text fields on home screen" classname="| seyma@sample.com | test123 |" time="0"/>
  <testcase name="And I click on login button on home screen" classname="| seyma@sample.com | test123 |" time="0"/>
  <testcase name="Then I verify that I am in invalid login page" classname="| seyma@sample.com | test123 |" time="0.001"/>
  <testcase name="| seyma@sample.com | test123 |" classname="| seyma@sample.com | test123 |" time="0.124"/>
  <testcase name="Given I am on home page" classname="| sumeyra@sample.com | abc@123 |" time="0"/>
  <testcase name="When I enter sumeyra@sample.com into username text fields on home screen" classname="| sumeyra@sample.com | abc@123 |" time="0"/>
  <testcase name="And I enter abc@123 into password text fields on home screen" classname="| sumeyra@sample.com | abc@123 |" time="0"/>
  <testcase name="And I click on login button on home screen" classname="| sumeyra@sample.com | abc@123 |" time="0"/>
  <testcase name="Then I verify that I am in invalid login page" classname="| sumeyra@sample.com | abc@123 |" time="0.001"/>
  <testcase name="| sumeyra@sample.com | abc@123 |" classname="| sumeyra@sample.com | abc@123 |" time="0.126"/>
  <testcase name="Given I am on home page" classname="| aysegul@sample.com | 456@werr |" time="0"/>
  <testcase name="When I enter aysegul@sample.com into username text fields on home screen" classname="| aysegul@sample.com | 456@werr |" time="0"/>
  <testcase name="And I enter 456@werr into password text fields on home screen" classname="| aysegul@sample.com | 456@werr |" time="0"/>
  <testcase name="And I click on login button on home screen" classname="| aysegul@sample.com | 456@werr |" time="0.001"/>
  <testcase name="Then I verify that I am in invalid login page" classname="| aysegul@sample.com | 456@werr |" time="0"/>
  <testcase name="| aysegul@sample.com | 456@werr |" classname="| aysegul@sample.com | 456@werr |" time="0.132"/>
  <testcase name="Given I am on messenger page" classname="Scenario: Verify invalid login from messenger page" time="0"/>
  <testcase name="When I enter ilhanturkmen@siliconelabs.com into username field on the messenger page" classname="Scenario: Verify invalid login from messenger page" time="0"/>
  <testcase name="And I enter test123 into password field on the messenger page" classname="Scenario: Verify invalid login from messenger page" time="0"/>
  <testcase name="And I click on login button on messenger page" classname="Scenario: Verify invalid login from messenger page" time="0.001"/>
  <testcase name="Then I verify invalid login message on sign in page" classname="Scenario: Verify invalid login from messenger page" time="0.001"/>
  <testcase name="Scenario: Verify invalid login from messenger page" classname="Scenario: Verify invalid login from messenger page" time="0.136"/>
</testsuite>